TN:
SF:dist/index.js
FNF:0
FNH:0
DA:1,5
DA:2,5
DA:3,5
DA:4,5
DA:5,5
DA:6,5
DA:7,5
DA:8,5
DA:9,5
DA:10,5
DA:11,5
DA:12,5
DA:13,5
DA:14,5
DA:15,5
DA:16,5
DA:17,5
DA:18,5
DA:19,5
DA:20,5
DA:21,5
DA:22,5
DA:23,5
DA:24,5
DA:25,5
DA:26,5
DA:27,5
DA:28,5
DA:29,5
DA:30,5
DA:31,5
DA:32,5
DA:33,5
DA:34,5
DA:35,5
DA:36,5
DA:37,5
DA:38,5
DA:39,5
DA:40,5
DA:41,5
DA:42,5
DA:43,5
DA:44,5
DA:45,5
DA:46,5
DA:47,5
DA:48,5
DA:49,5
DA:50,5
DA:51,5
DA:52,5
DA:53,5
DA:54,5
DA:55,5
DA:56,5
DA:57,5
DA:58,5
DA:59,5
DA:60,5
DA:61,5
DA:62,5
DA:63,5
DA:64,5
DA:65,5
DA:66,5
DA:67,5
DA:68,5
DA:69,5
DA:70,5
DA:71,5
DA:72,5
DA:73,5
DA:74,5
DA:75,5
DA:76,5
DA:77,5
DA:78,5
DA:79,5
DA:80,5
DA:81,5
DA:82,5
DA:83,5
DA:84,5
DA:85,5
DA:86,5
DA:87,5
DA:88,5
DA:89,5
DA:90,5
DA:91,5
DA:92,5
DA:93,5
DA:94,5
DA:95,5
DA:96,5
DA:97,5
DA:98,5
DA:99,5
DA:100,5
DA:101,5
DA:102,5
DA:103,5
DA:104,5
DA:105,5
DA:106,5
DA:107,5
DA:108,5
DA:109,5
DA:110,5
DA:111,5
DA:112,5
DA:113,5
DA:114,5
DA:115,5
DA:116,5
DA:117,5
DA:118,5
DA:119,5
DA:120,5
DA:121,5
DA:122,5
DA:123,5
DA:124,5
DA:125,5
DA:126,5
DA:127,5
DA:128,5
DA:129,5
DA:130,5
DA:131,5
DA:132,5
DA:133,5
DA:134,5
DA:135,5
DA:136,5
DA:137,5
DA:138,5
DA:139,5
DA:140,5
DA:141,5
DA:142,5
DA:143,5
DA:144,5
DA:145,5
DA:146,5
DA:147,5
DA:148,5
DA:149,5
DA:150,5
DA:151,5
DA:152,5
DA:153,5
DA:154,5
DA:155,5
DA:156,5
DA:157,5
DA:158,5
DA:159,5
DA:160,5
DA:161,5
DA:162,5
DA:163,5
DA:164,5
DA:165,5
DA:166,5
DA:167,5
DA:168,5
DA:169,5
DA:170,5
DA:171,5
DA:172,5
DA:173,5
DA:174,5
DA:175,5
DA:176,5
DA:177,5
DA:178,5
DA:179,5
DA:180,5
DA:181,5
DA:182,1
DA:183,0
DA:184,0
DA:185,0
DA:186,0
DA:187,1
DA:188,0
DA:189,0
DA:190,0
DA:191,0
DA:192,1
DA:193,0
DA:194,0
DA:195,0
DA:196,0
DA:197,1
DA:198,0
DA:199,0
DA:200,0
DA:201,0
DA:202,1
DA:203,1
DA:204,1
DA:205,0
DA:206,0
DA:207,0
DA:208,0
DA:209,0
DA:210,0
DA:211,0
DA:212,0
DA:213,1
DA:214,1
DA:215,1
DA:216,1
DA:217,1
DA:218,1
DA:219,1
DA:220,1
DA:221,1
DA:222,1
DA:223,1
DA:224,1
DA:225,1
DA:226,1
DA:227,1
DA:228,1
DA:229,0
DA:230,0
DA:231,0
DA:232,0
DA:233,0
DA:234,0
DA:235,0
DA:236,0
DA:237,1
DA:238,1
DA:239,1
DA:240,1
DA:241,0
DA:242,0
DA:243,0
DA:244,0
DA:245,1
DA:246,5
DA:247,5
DA:248,5
DA:249,1
DA:250,1
DA:251,1
DA:252,1
DA:253,1
DA:254,1
DA:255,1
DA:256,1
DA:257,1
DA:258,1
DA:259,1
DA:260,1
DA:261,1
DA:262,1
DA:263,1
DA:264,1
DA:265,1
DA:266,1
DA:267,1
DA:268,1
DA:269,1
DA:270,1
DA:271,1
DA:272,1
DA:273,5
DA:274,5
DA:275,5
DA:276,1
DA:277,1
DA:278,1
DA:279,1
DA:280,1
DA:281,1
DA:282,1
DA:283,1
DA:284,1
DA:285,1
DA:286,1
DA:287,1
DA:288,1
DA:289,1
DA:290,1
DA:291,1
DA:292,1
DA:293,1
DA:294,1
DA:295,1
DA:296,1
DA:297,1
DA:298,1
DA:299,1
DA:300,1
DA:301,1
DA:302,1
DA:303,1
DA:304,0
DA:305,0
DA:306,0
DA:307,1
DA:308,5
DA:309,5
DA:310,5
DA:311,1
DA:312,1
DA:313,1
DA:314,1
DA:315,1
DA:316,1
DA:317,1
DA:318,1
DA:319,1
DA:320,1
DA:321,1
DA:322,1
DA:323,1
DA:324,1
DA:325,0
DA:326,0
DA:327,0
DA:328,1
DA:329,5
DA:330,5
DA:331,1
DA:332,1
DA:333,1
DA:334,1
DA:335,1
DA:336,1
DA:337,1
DA:338,1
DA:339,1
DA:340,1
DA:341,0
DA:342,0
DA:343,1
DA:344,0
DA:345,0
DA:346,1
DA:347,0
DA:348,0
DA:349,1
DA:350,0
DA:351,0
DA:352,1
DA:353,0
DA:354,0
DA:355,1
DA:356,0
DA:357,0
DA:358,1
DA:359,1
DA:360,1
DA:361,1
DA:362,0
DA:363,0
DA:364,1
DA:365,0
DA:366,0
DA:367,1
DA:368,0
DA:369,0
DA:370,1
DA:371,1
DA:372,1
DA:373,1
DA:374,1
DA:375,1
DA:376,1
DA:377,1
LF:377
LH:317
BRDA:1,0,0,5
BRDA:181,1,0,1
BRDA:182,2,0,0
BRDA:187,3,0,0
BRDA:187,4,0,0
BRDA:192,5,0,0
BRDA:197,6,0,0
BRDA:197,7,0,0
BRDA:204,8,0,0
BRDA:229,9,0,0
BRDA:241,10,0,0
BRDA:248,11,0,1
BRDA:275,12,0,1
BRDA:303,13,0,0
BRDA:310,14,0,1
BRDA:324,15,0,0
BRDA:330,16,0,1
BRDA:376,17,0,0
BRDA:252,18,0,1
BRDA:270,19,0,0
BRDA:279,20,0,1
BRDA:300,21,0,0
BRDA:314,22,0,1
BRDA:334,23,0,1
BRDA:340,24,0,0
BRDA:343,25,0,0
BRDA:346,26,0,0
BRDA:349,27,0,0
BRDA:352,28,0,0
BRDA:355,29,0,0
BRDA:361,30,0,0
BRDA:364,31,0,0
BRDA:364,32,0,0
BRDA:367,33,0,0
BRDA:367,34,0,0
BRF:35
BRH:10
end_of_record
TN:
SF:dist/Cartas/Carta.js
FN:32,<instance_members_initializer>
FN:42,Carta
FN:62,toJSON
FNF:3
FNH:3
FNDA:1,<instance_members_initializer>
FNDA:1,Carta
FNDA:1,toJSON
DA:1,5
DA:2,5
DA:3,5
DA:4,5
DA:5,5
DA:6,5
DA:7,5
DA:8,5
DA:9,5
DA:10,5
DA:11,5
DA:12,5
DA:13,5
DA:14,5
DA:15,5
DA:16,5
DA:17,5
DA:18,5
DA:19,5
DA:20,5
DA:21,5
DA:22,5
DA:23,5
DA:24,5
DA:25,5
DA:26,5
DA:27,5
DA:28,5
DA:29,5
DA:30,5
DA:31,5
DA:32,5
DA:33,1
DA:34,1
DA:35,1
DA:36,1
DA:37,1
DA:38,1
DA:39,1
DA:40,1
DA:41,1
DA:42,1
DA:43,1
DA:44,1
DA:45,1
DA:46,1
DA:47,1
DA:48,1
DA:49,1
DA:50,1
DA:51,1
DA:52,1
DA:53,1
DA:54,1
DA:55,1
DA:56,1
DA:57,1
DA:58,1
DA:59,1
DA:60,1
DA:61,1
DA:62,1
DA:63,1
DA:64,1
DA:65,1
DA:66,1
DA:67,1
DA:68,1
DA:69,1
DA:70,1
DA:71,1
DA:72,1
DA:73,1
DA:74,1
DA:75,5
LF:75
LH:75
BRDA:1,0,0,5
BRDA:3,1,0,5
BRDA:14,2,0,5
BRDA:25,3,0,5
BRDA:32,4,0,1
BRDA:42,5,0,1
BRDA:53,6,0,0
BRDA:56,7,0,0
BRDA:59,8,0,0
BRDA:62,9,0,1
BRF:10
BRH:7
end_of_record
TN:
SF:dist/Cartas/Carta_Criatura.js
FN:3,<instance_members_initializer>
FN:14,Carta_Criatura
FN:27,toJSON
FNF:3
FNH:3
FNDA:1,<instance_members_initializer>
FNDA:1,Carta_Criatura
FNDA:1,toJSON
DA:1,5
DA:2,5
DA:3,5
DA:4,1
DA:5,1
DA:6,1
DA:7,1
DA:8,1
DA:9,1
DA:10,1
DA:11,1
DA:12,1
DA:13,1
DA:14,1
DA:15,1
DA:16,1
DA:17,1
DA:18,1
DA:19,1
DA:20,1
DA:21,1
DA:22,1
DA:23,1
DA:24,1
DA:25,1
DA:26,1
DA:27,1
DA:28,1
DA:29,1
DA:30,1
DA:31,1
DA:32,1
DA:33,1
DA:34,1
DA:35,5
LF:35
LH:35
BRDA:1,0,0,5
BRDA:3,1,0,1
BRDA:14,2,0,1
BRDA:27,3,0,1
BRF:4
BRH:4
end_of_record
TN:
SF:dist/Cartas/Carta_Planeswalker.js
FN:3,<instance_members_initializer>
FNF:1
FNH:0
FNDA:0,<instance_members_initializer>
DA:1,5
DA:2,5
DA:3,5
DA:4,0
DA:5,0
DA:6,0
DA:7,0
DA:8,0
DA:9,0
DA:10,0
DA:11,0
DA:12,0
DA:13,0
DA:14,0
DA:15,0
DA:16,0
DA:17,0
DA:18,0
DA:19,0
DA:20,0
DA:21,0
DA:22,0
DA:23,0
DA:24,0
DA:25,0
DA:26,0
DA:27,0
DA:28,0
DA:29,0
DA:30,0
DA:31,0
DA:32,0
DA:33,0
DA:34,5
LF:34
LH:4
BRDA:1,0,0,5
BRF:1
BRH:1
end_of_record
TN:
SF:src/Cartas/Carta.ts
FN:22,<instance_members_initializer>
FN:25,Carta
FN:38,toJSON
FNF:3
FNH:3
FNDA:6,<instance_members_initializer>
FNDA:6,Carta
FNDA:3,toJSON
DA:1,1
DA:2,1
DA:3,1
DA:4,1
DA:5,1
DA:6,1
DA:7,1
DA:8,1
DA:9,1
DA:10,1
DA:11,1
DA:12,1
DA:13,1
DA:14,1
DA:15,1
DA:16,1
DA:17,1
DA:18,1
DA:19,1
DA:20,1
DA:21,1
DA:22,1
DA:23,6
DA:24,6
DA:25,6
DA:26,6
DA:27,6
DA:28,6
DA:29,6
DA:30,5
DA:31,5
DA:32,6
DA:33,4
DA:34,4
DA:35,6
DA:36,6
DA:37,6
DA:38,6
DA:39,3
DA:40,3
DA:41,3
DA:42,3
DA:43,3
DA:44,3
DA:45,3
DA:46,3
DA:47,3
DA:48,3
DA:49,3
DA:50,3
DA:51,6
DA:52,1
DA:53,1
DA:54,1
LF:54
LH:54
BRDA:2,0,0,1
BRDA:4,1,0,1
BRDA:6,2,0,1
BRDA:22,3,0,6
BRDA:25,4,0,6
BRDA:29,5,0,1
BRDA:30,6,0,5
BRDA:32,7,0,1
BRDA:33,8,0,4
BRDA:35,9,0,1
BRDA:38,10,0,3
BRF:11
BRH:11
end_of_record
TN:
SF:src/Cartas/Carta_Criatura.ts
FN:7,<instance_members_initializer>
FN:9,Carta_Criatura
FN:14,toJSON
FNF:3
FNH:3
FNDA:1,<instance_members_initializer>
FNDA:1,Carta_Criatura
FNDA:1,toJSON
DA:1,1
DA:2,1
DA:3,1
DA:4,1
DA:5,1
DA:6,1
DA:7,1
DA:8,1
DA:9,1
DA:10,1
DA:11,1
DA:12,1
DA:13,1
DA:14,1
DA:15,1
DA:16,1
DA:17,1
DA:18,1
DA:19,1
DA:20,1
DA:21,1
DA:22,1
DA:23,1
DA:24,1
LF:24
LH:24
BRDA:7,0,0,1
BRDA:9,1,0,1
BRDA:14,2,0,1
BRF:3
BRH:3
end_of_record
TN:
SF:src/Cartas/Carta_Planeswalker.ts
FN:5,<instance_members_initializer>
FN:7,Cartas_Planeswalker
FN:12,toJSON
FNF:3
FNH:3
FNDA:1,<instance_members_initializer>
FNDA:1,Cartas_Planeswalker
FNDA:1,toJSON
DA:1,1
DA:2,1
DA:3,1
DA:4,1
DA:5,1
DA:6,1
DA:7,1
DA:8,1
DA:9,1
DA:10,1
DA:11,1
DA:12,1
DA:13,1
DA:14,1
DA:15,1
DA:16,1
DA:17,1
DA:18,1
DA:19,1
DA:20,1
LF:20
LH:20
BRDA:5,0,0,1
BRDA:7,1,0,1
BRDA:12,2,0,1
BRF:3
BRH:3
end_of_record
